{"content": {"suites": {"0": {"status": {"total_pass": 1, "total_skip": 0, "total_xpass": 0, "total_xfail": 0, "total_rerun": 0, "total_fail": 4, "total_error": 0}, "tests": {"0": {"status": "PASS", "message": "", "test_name": "test_main_page_opened", "rerun": "0"}, "1": {"status": "FAIL", "message": "   selenium.common.exceptions.TimeoutException: Message: \n   Stacktrace:\n   0   chromedriver                        0x00000001030e8f38 chromedriver + 4910904\n   1   chromedriver                        0x0000000103068a03 chromedriver + 4385283\n   2   chromedriver                        0x0000000102cad747 chromedriver + 472903\n   3   chromedriver                        0x0000000102cf234c chromedriver + 754508\n   4   chromedriver                        0x0000000102cf25a1 chromedriver + 755105\n   5   chromedriver                        0x0000000102d35e94 chromedriver + 1031828\n   6   chromedriver                        0x0000000102d1813d chromedriver + 909629\n   7   chromedriver                        0x0000000102d3328e chromedriver + 1020558\n   8   chromedriver                        0x0000000102d17ee3 chromedriver + 909027\n   9   chromedriver                        0x0000000102ce230c chromedriver + 688908\n   10  chromedriver                        0x0000000102ce388e chromedriver + 694414\n   11  chromedriver                        0x00000001030b61de chromedriver + 4702686\n   12  chromedriver                        0x00000001030bab19 chromedriver + 4721433\n   13  chromedriver                        0x00000001030c228e chromedriver + 4752014\n   14  chromedriver                        0x00000001030bb91a chromedriver + 4725018\n   15  chromedriver                        0x000000010308fb02 chromedriver + 4545282\n   16  chromedriver                        0x00000001030da888 chromedriver + 4851848\n   17  chromedriver                        0x00000001030daa05 chromedriver + 4852229\n   18  chromedriver                        0x00000001030f0e5f chromedriver + 4943455\n   19  libsystem_pthread.dylib             0x00007ff80a90f259 _pthread_start + 125\n   20  libsystem_pthread.dylib             0x00007ff80a90ac7b thread_start + 15\n", "test_name": "test_user_can_buy_some_goods[locator0]", "rerun": "0"}, "2": {"status": "FAIL", "message": "   selenium.common.exceptions.TimeoutException: Message: \n   Stacktrace:\n   0   chromedriver                        0x0000000102deef38 chromedriver + 4910904\n   1   chromedriver                        0x0000000102d6ea03 chromedriver + 4385283\n   2   chromedriver                        0x00000001029b3747 chromedriver + 472903\n   3   chromedriver                        0x00000001029f834c chromedriver + 754508\n   4   chromedriver                        0x00000001029f85a1 chromedriver + 755105\n   5   chromedriver                        0x0000000102a3be94 chromedriver + 1031828\n   6   chromedriver                        0x0000000102a1e13d chromedriver + 909629\n   7   chromedriver                        0x0000000102a3928e chromedriver + 1020558\n   8   chromedriver                        0x0000000102a1dee3 chromedriver + 909027\n   9   chromedriver                        0x00000001029e830c chromedriver + 688908\n   10  chromedriver                        0x00000001029e988e chromedriver + 694414\n   11  chromedriver                        0x0000000102dbc1de chromedriver + 4702686\n   12  chromedriver                        0x0000000102dc0b19 chromedriver + 4721433\n   13  chromedriver                        0x0000000102dc828e chromedriver + 4752014\n   14  chromedriver                        0x0000000102dc191a chromedriver + 4725018\n   15  chromedriver                        0x0000000102d95b02 chromedriver + 4545282\n   16  chromedriver                        0x0000000102de0888 chromedriver + 4851848\n   17  chromedriver                        0x0000000102de0a05 chromedriver + 4852229\n   18  chromedriver                        0x0000000102df6e5f chromedriver + 4943455\n   19  libsystem_pthread.dylib             0x00007ff80a90f259 _pthread_start + 125\n   20  libsystem_pthread.dylib             0x00007ff80a90ac7b thread_start + 15\n", "test_name": "test_user_can_buy_some_goods[locator0]", "rerun": "0"}, "3": {"status": "FAIL", "message": "   selenium.common.exceptions.TimeoutException: Message: \n   Stacktrace:\n   0   chromedriver                        0x0000000100fa8f38 chromedriver + 4910904\n   1   chromedriver                        0x0000000100f28a03 chromedriver + 4385283\n   2   chromedriver                        0x0000000100b6d747 chromedriver + 472903\n   3   chromedriver                        0x0000000100bb234c chromedriver + 754508\n   4   chromedriver                        0x0000000100bb25a1 chromedriver + 755105\n   5   chromedriver                        0x0000000100bf5e94 chromedriver + 1031828\n   6   chromedriver                        0x0000000100bd813d chromedriver + 909629\n   7   chromedriver                        0x0000000100bf328e chromedriver + 1020558\n   8   chromedriver                        0x0000000100bd7ee3 chromedriver + 909027\n   9   chromedriver                        0x0000000100ba230c chromedriver + 688908\n   10  chromedriver                        0x0000000100ba388e chromedriver + 694414\n   11  chromedriver                        0x0000000100f761de chromedriver + 4702686\n   12  chromedriver                        0x0000000100f7ab19 chromedriver + 4721433\n   13  chromedriver                        0x0000000100f8228e chromedriver + 4752014\n   14  chromedriver                        0x0000000100f7b91a chromedriver + 4725018\n   15  chromedriver                        0x0000000100f4fb02 chromedriver + 4545282\n   16  chromedriver                        0x0000000100f9a888 chromedriver + 4851848\n   17  chromedriver                        0x0000000100f9aa05 chromedriver + 4852229\n   18  chromedriver                        0x0000000100fb0e5f chromedriver + 4943455\n   19  libsystem_pthread.dylib             0x00007ff80a90f259 _pthread_start + 125\n   20  libsystem_pthread.dylib             0x00007ff80a90ac7b thread_start + 15\n", "test_name": "test_user_can_buy_some_goods[locator1]", "rerun": "0"}, "4": {"status": "FAIL", "message": "   selenium.common.exceptions.TimeoutException: Message: \n   Stacktrace:\n   0   chromedriver                        0x0000000100eb2f38 chromedriver + 4910904\n   1   chromedriver                        0x0000000100e32a03 chromedriver + 4385283\n   2   chromedriver                        0x0000000100a77747 chromedriver + 472903\n   3   chromedriver                        0x0000000100abc34c chromedriver + 754508\n   4   chromedriver                        0x0000000100abc5a1 chromedriver + 755105\n   5   chromedriver                        0x0000000100affe94 chromedriver + 1031828\n   6   chromedriver                        0x0000000100ae213d chromedriver + 909629\n   7   chromedriver                        0x0000000100afd28e chromedriver + 1020558\n   8   chromedriver                        0x0000000100ae1ee3 chromedriver + 909027\n   9   chromedriver                        0x0000000100aac30c chromedriver + 688908\n   10  chromedriver                        0x0000000100aad88e chromedriver + 694414\n   11  chromedriver                        0x0000000100e801de chromedriver + 4702686\n   12  chromedriver                        0x0000000100e84b19 chromedriver + 4721433\n   13  chromedriver                        0x0000000100e8c28e chromedriver + 4752014\n   14  chromedriver                        0x0000000100e8591a chromedriver + 4725018\n   15  chromedriver                        0x0000000100e59b02 chromedriver + 4545282\n   16  chromedriver                        0x0000000100ea4888 chromedriver + 4851848\n   17  chromedriver                        0x0000000100ea4a05 chromedriver + 4852229\n   18  chromedriver                        0x0000000100ebae5f chromedriver + 4943455\n   19  libsystem_pthread.dylib             0x00007ff80a90f259 _pthread_start + 125\n   20  libsystem_pthread.dylib             0x00007ff80a90ac7b thread_start + 15\n", "test_name": "test_user_can_buy_some_goods[locator1]", "rerun": "0"}}, "suite_name": "tests/test_main_page.py"}}}, "date": "January 02, 2023", "start_time": 1672691506.6629398, "total_suite": 1, "status": "FAIL", "status_list": {"pass": "1", "fail": "4", "skip": "0", "error": "0", "xpass": "0", "xfail": "0", "rerun": "0"}, "total_tests": "5"}