{"content": {"suites": {"0": {"status": {"total_pass": 0, "total_skip": 0, "total_xpass": 0, "total_xfail": 0, "total_rerun": 0, "total_fail": 3, "total_error": 0}, "tests": {"0": {"status": "FAIL", "message": "   selenium.common.exceptions.TimeoutException: Message: \n   Stacktrace:\n   0   chromedriver                        0x0000000102e8ef38 chromedriver + 4910904\n   1   chromedriver                        0x0000000102e0ea03 chromedriver + 4385283\n   2   chromedriver                        0x0000000102a53747 chromedriver + 472903\n   3   chromedriver                        0x0000000102a9834c chromedriver + 754508\n   4   chromedriver                        0x0000000102a985a1 chromedriver + 755105\n   5   chromedriver                        0x0000000102adbe94 chromedriver + 1031828\n   6   chromedriver                        0x0000000102abe13d chromedriver + 909629\n   7   chromedriver                        0x0000000102ad928e chromedriver + 1020558\n   8   chromedriver                        0x0000000102abdee3 chromedriver + 909027\n   9   chromedriver                        0x0000000102a8830c chromedriver + 688908\n   10  chromedriver                        0x0000000102a8988e chromedriver + 694414\n   11  chromedriver                        0x0000000102e5c1de chromedriver + 4702686\n   12  chromedriver                        0x0000000102e60b19 chromedriver + 4721433\n   13  chromedriver                        0x0000000102e6828e chromedriver + 4752014\n   14  chromedriver                        0x0000000102e6191a chromedriver + 4725018\n   15  chromedriver                        0x0000000102e35b02 chromedriver + 4545282\n   16  chromedriver                        0x0000000102e80888 chromedriver + 4851848\n   17  chromedriver                        0x0000000102e80a05 chromedriver + 4852229\n   18  chromedriver                        0x0000000102e96e5f chromedriver + 4943455\n   19  libsystem_pthread.dylib             0x00007ff80a90f259 _pthread_start + 125\n   20  libsystem_pthread.dylib             0x00007ff80a90ac7b thread_start + 15\n", "test_name": "test_user_can_buy_some_goods[locator0]", "rerun": "0"}, "1": {"status": "FAIL", "message": "   selenium.common.exceptions.TimeoutException: Message: \n   Stacktrace:\n   0   chromedriver                        0x0000000104c35f38 chromedriver + 4910904\n   1   chromedriver                        0x0000000104bb5a03 chromedriver + 4385283\n   2   chromedriver                        0x00000001047fa747 chromedriver + 472903\n   3   chromedriver                        0x000000010483f34c chromedriver + 754508\n   4   chromedriver                        0x000000010483f5a1 chromedriver + 755105\n   5   chromedriver                        0x0000000104882e94 chromedriver + 1031828\n   6   chromedriver                        0x000000010486513d chromedriver + 909629\n   7   chromedriver                        0x000000010488028e chromedriver + 1020558\n   8   chromedriver                        0x0000000104864ee3 chromedriver + 909027\n   9   chromedriver                        0x000000010482f30c chromedriver + 688908\n   10  chromedriver                        0x000000010483088e chromedriver + 694414\n   11  chromedriver                        0x0000000104c031de chromedriver + 4702686\n   12  chromedriver                        0x0000000104c07b19 chromedriver + 4721433\n   13  chromedriver                        0x0000000104c0f28e chromedriver + 4752014\n   14  chromedriver                        0x0000000104c0891a chromedriver + 4725018\n   15  chromedriver                        0x0000000104bdcb02 chromedriver + 4545282\n   16  chromedriver                        0x0000000104c27888 chromedriver + 4851848\n   17  chromedriver                        0x0000000104c27a05 chromedriver + 4852229\n   18  chromedriver                        0x0000000104c3de5f chromedriver + 4943455\n   19  libsystem_pthread.dylib             0x00007ff80a90f259 _pthread_start + 125\n   20  libsystem_pthread.dylib             0x00007ff80a90ac7b thread_start + 15\n", "test_name": "test_user_can_buy_some_goods[locator0]", "rerun": "0"}, "2": {"status": "FAIL", "message": "   selenium.common.exceptions.TimeoutException: Message: \n   Stacktrace:\n   0   chromedriver                        0x0000000101392f38 chromedriver + 4910904\n   1   chromedriver                        0x0000000101312a03 chromedriver + 4385283\n   2   chromedriver                        0x0000000100f57747 chromedriver + 472903\n   3   chromedriver                        0x0000000100f9c34c chromedriver + 754508\n   4   chromedriver                        0x0000000100f9c5a1 chromedriver + 755105\n   5   chromedriver                        0x0000000100fdfe94 chromedriver + 1031828\n   6   chromedriver                        0x0000000100fc213d chromedriver + 909629\n   7   chromedriver                        0x0000000100fdd28e chromedriver + 1020558\n   8   chromedriver                        0x0000000100fc1ee3 chromedriver + 909027\n   9   chromedriver                        0x0000000100f8c30c chromedriver + 688908\n   10  chromedriver                        0x0000000100f8d88e chromedriver + 694414\n   11  chromedriver                        0x00000001013601de chromedriver + 4702686\n   12  chromedriver                        0x0000000101364b19 chromedriver + 4721433\n   13  chromedriver                        0x000000010136c28e chromedriver + 4752014\n   14  chromedriver                        0x000000010136591a chromedriver + 4725018\n   15  chromedriver                        0x0000000101339b02 chromedriver + 4545282\n   16  chromedriver                        0x0000000101384888 chromedriver + 4851848\n   17  chromedriver                        0x0000000101384a05 chromedriver + 4852229\n   18  chromedriver                        0x000000010139ae5f chromedriver + 4943455\n   19  libsystem_pthread.dylib             0x00007ff80a90f259 _pthread_start + 125\n   20  libsystem_pthread.dylib             0x00007ff80a90ac7b thread_start + 15\n", "test_name": "test_user_can_buy_some_goods[locator1]", "rerun": "0"}}, "suite_name": "tests/test_main_page.py"}}}, "date": "January 02, 2023", "start_time": 1672693138.97614, "total_suite": 1, "status": "FAIL", "status_list": {"pass": "0", "fail": "3", "skip": "0", "error": "0", "xpass": "0", "xfail": "0", "rerun": "0"}, "total_tests": "3"}