{"content": {"suites": {"0": {"status": {"total_pass": 1, "total_skip": 0, "total_xpass": 0, "total_xfail": 0, "total_rerun": 0, "total_fail": 2, "total_error": 0}, "tests": {"0": {"status": "PASS", "message": "", "test_name": "test_user_can_buy_some_goods[locator0]", "rerun": "0"}, "1": {"status": "FAIL", "message": "   selenium.common.exceptions.TimeoutException: Message: \n   Stacktrace:\n   0   chromedriver                        0x000000010314cf38 chromedriver + 4910904\n   1   chromedriver                        0x00000001030cca03 chromedriver + 4385283\n   2   chromedriver                        0x0000000102d11747 chromedriver + 472903\n   3   chromedriver                        0x0000000102d5634c chromedriver + 754508\n   4   chromedriver                        0x0000000102d565a1 chromedriver + 755105\n   5   chromedriver                        0x0000000102d99e94 chromedriver + 1031828\n   6   chromedriver                        0x0000000102d7c13d chromedriver + 909629\n   7   chromedriver                        0x0000000102d9728e chromedriver + 1020558\n   8   chromedriver                        0x0000000102d7bee3 chromedriver + 909027\n   9   chromedriver                        0x0000000102d4630c chromedriver + 688908\n   10  chromedriver                        0x0000000102d4788e chromedriver + 694414\n   11  chromedriver                        0x000000010311a1de chromedriver + 4702686\n   12  chromedriver                        0x000000010311eb19 chromedriver + 4721433\n   13  chromedriver                        0x000000010312628e chromedriver + 4752014\n   14  chromedriver                        0x000000010311f91a chromedriver + 4725018\n   15  chromedriver                        0x00000001030f3b02 chromedriver + 4545282\n   16  chromedriver                        0x000000010313e888 chromedriver + 4851848\n   17  chromedriver                        0x000000010313ea05 chromedriver + 4852229\n   18  chromedriver                        0x0000000103154e5f chromedriver + 4943455\n   19  libsystem_pthread.dylib             0x00007ff80a90f259 _pthread_start + 125\n   20  libsystem_pthread.dylib             0x00007ff80a90ac7b thread_start + 15\n", "test_name": "test_user_can_buy_some_goods[locator1]", "rerun": "0"}, "2": {"status": "FAIL", "message": "   selenium.common.exceptions.TimeoutException: Message: \n   Stacktrace:\n   0   chromedriver                        0x0000000102969f38 chromedriver + 4910904\n   1   chromedriver                        0x00000001028e9a03 chromedriver + 4385283\n   2   chromedriver                        0x000000010252e747 chromedriver + 472903\n   3   chromedriver                        0x000000010257334c chromedriver + 754508\n   4   chromedriver                        0x00000001025735a1 chromedriver + 755105\n   5   chromedriver                        0x00000001025b6e94 chromedriver + 1031828\n   6   chromedriver                        0x000000010259913d chromedriver + 909629\n   7   chromedriver                        0x00000001025b428e chromedriver + 1020558\n   8   chromedriver                        0x0000000102598ee3 chromedriver + 909027\n   9   chromedriver                        0x000000010256330c chromedriver + 688908\n   10  chromedriver                        0x000000010256488e chromedriver + 694414\n   11  chromedriver                        0x00000001029371de chromedriver + 4702686\n   12  chromedriver                        0x000000010293bb19 chromedriver + 4721433\n   13  chromedriver                        0x000000010294328e chromedriver + 4752014\n   14  chromedriver                        0x000000010293c91a chromedriver + 4725018\n   15  chromedriver                        0x0000000102910b02 chromedriver + 4545282\n   16  chromedriver                        0x000000010295b888 chromedriver + 4851848\n   17  chromedriver                        0x000000010295ba05 chromedriver + 4852229\n   18  chromedriver                        0x0000000102971e5f chromedriver + 4943455\n   19  libsystem_pthread.dylib             0x00007ff80a90f259 _pthread_start + 125\n   20  libsystem_pthread.dylib             0x00007ff80a90ac7b thread_start + 15\n", "test_name": "test_user_can_buy_some_goods[locator2]", "rerun": "0"}}, "suite_name": "tests/test_main_page.py"}}}, "date": "January 03, 2023", "start_time": 1672697336.6123362, "total_suite": 1, "status": "FAIL", "status_list": {"pass": "1", "fail": "2", "skip": "0", "error": "0", "xpass": "0", "xfail": "0", "rerun": "0"}, "total_tests": "3"}