{"content": {"suites": {"0": {"status": {"total_pass": 1, "total_skip": 0, "total_xpass": 0, "total_xfail": 0, "total_rerun": 0, "total_fail": 2, "total_error": 0}, "tests": {"0": {"status": "PASS", "message": "", "test_name": "test_user_can_buy_some_goods[locator0]", "rerun": "0"}, "1": {"status": "FAIL", "message": "   selenium.common.exceptions.TimeoutException: Message: \n   Stacktrace:\n   0   chromedriver                        0x00000001012c4f38 chromedriver + 4910904\n   1   chromedriver                        0x0000000101244a03 chromedriver + 4385283\n   2   chromedriver                        0x0000000100e89747 chromedriver + 472903\n   3   chromedriver                        0x0000000100ece34c chromedriver + 754508\n   4   chromedriver                        0x0000000100ece5a1 chromedriver + 755105\n   5   chromedriver                        0x0000000100f11e94 chromedriver + 1031828\n   6   chromedriver                        0x0000000100ef413d chromedriver + 909629\n   7   chromedriver                        0x0000000100f0f28e chromedriver + 1020558\n   8   chromedriver                        0x0000000100ef3ee3 chromedriver + 909027\n   9   chromedriver                        0x0000000100ebe30c chromedriver + 688908\n   10  chromedriver                        0x0000000100ebf88e chromedriver + 694414\n   11  chromedriver                        0x00000001012921de chromedriver + 4702686\n   12  chromedriver                        0x0000000101296b19 chromedriver + 4721433\n   13  chromedriver                        0x000000010129e28e chromedriver + 4752014\n   14  chromedriver                        0x000000010129791a chromedriver + 4725018\n   15  chromedriver                        0x000000010126bb02 chromedriver + 4545282\n   16  chromedriver                        0x00000001012b6888 chromedriver + 4851848\n   17  chromedriver                        0x00000001012b6a05 chromedriver + 4852229\n   18  chromedriver                        0x00000001012cce5f chromedriver + 4943455\n   19  libsystem_pthread.dylib             0x00007ff80a90f259 _pthread_start + 125\n   20  libsystem_pthread.dylib             0x00007ff80a90ac7b thread_start + 15\n", "test_name": "test_user_can_buy_some_goods[locator1]", "rerun": "0"}, "2": {"status": "FAIL", "message": "   selenium.common.exceptions.TimeoutException: Message: \n   Stacktrace:\n   0   chromedriver                        0x00000001045bbf38 chromedriver + 4910904\n   1   chromedriver                        0x000000010453ba03 chromedriver + 4385283\n   2   chromedriver                        0x0000000104180747 chromedriver + 472903\n   3   chromedriver                        0x00000001041c534c chromedriver + 754508\n   4   chromedriver                        0x00000001041c55a1 chromedriver + 755105\n   5   chromedriver                        0x0000000104208e94 chromedriver + 1031828\n   6   chromedriver                        0x00000001041eb13d chromedriver + 909629\n   7   chromedriver                        0x000000010420628e chromedriver + 1020558\n   8   chromedriver                        0x00000001041eaee3 chromedriver + 909027\n   9   chromedriver                        0x00000001041b530c chromedriver + 688908\n   10  chromedriver                        0x00000001041b688e chromedriver + 694414\n   11  chromedriver                        0x00000001045891de chromedriver + 4702686\n   12  chromedriver                        0x000000010458db19 chromedriver + 4721433\n   13  chromedriver                        0x000000010459528e chromedriver + 4752014\n   14  chromedriver                        0x000000010458e91a chromedriver + 4725018\n   15  chromedriver                        0x0000000104562b02 chromedriver + 4545282\n   16  chromedriver                        0x00000001045ad888 chromedriver + 4851848\n   17  chromedriver                        0x00000001045ada05 chromedriver + 4852229\n   18  chromedriver                        0x00000001045c3e5f chromedriver + 4943455\n   19  libsystem_pthread.dylib             0x00007ff80a90f259 _pthread_start + 125\n   20  libsystem_pthread.dylib             0x00007ff80a90ac7b thread_start + 15\n", "test_name": "test_user_can_buy_some_goods[locator2]", "rerun": "0"}}, "suite_name": "tests/test_main_page.py"}}}, "date": "January 03, 2023", "start_time": 1672696925.136425, "total_suite": 1, "status": "FAIL", "status_list": {"pass": "1", "fail": "2", "skip": "0", "error": "0", "xpass": "0", "xfail": "0", "rerun": "0"}, "total_tests": "3"}