{"content": {"suites": {"0": {"status": {"total_pass": 0, "total_skip": 0, "total_xpass": 0, "total_xfail": 0, "total_rerun": 0, "total_fail": 4, "total_error": 0}, "tests": {"0": {"status": "FAIL", "message": "   selenium.common.exceptions.TimeoutException: Message: \n   Stacktrace:\n   0   chromedriver                        0x00000001046d8f38 chromedriver + 4910904\n   1   chromedriver                        0x0000000104658a03 chromedriver + 4385283\n   2   chromedriver                        0x000000010429d747 chromedriver + 472903\n   3   chromedriver                        0x00000001042e234c chromedriver + 754508\n   4   chromedriver                        0x00000001042e25a1 chromedriver + 755105\n   5   chromedriver                        0x0000000104325e94 chromedriver + 1031828\n   6   chromedriver                        0x000000010430813d chromedriver + 909629\n   7   chromedriver                        0x000000010432328e chromedriver + 1020558\n   8   chromedriver                        0x0000000104307ee3 chromedriver + 909027\n   9   chromedriver                        0x00000001042d230c chromedriver + 688908\n   10  chromedriver                        0x00000001042d388e chromedriver + 694414\n   11  chromedriver                        0x00000001046a61de chromedriver + 4702686\n   12  chromedriver                        0x00000001046aab19 chromedriver + 4721433\n   13  chromedriver                        0x00000001046b228e chromedriver + 4752014\n   14  chromedriver                        0x00000001046ab91a chromedriver + 4725018\n   15  chromedriver                        0x000000010467fb02 chromedriver + 4545282\n   16  chromedriver                        0x00000001046ca888 chromedriver + 4851848\n   17  chromedriver                        0x00000001046caa05 chromedriver + 4852229\n   18  chromedriver                        0x00000001046e0e5f chromedriver + 4943455\n   19  libsystem_pthread.dylib             0x00007ff80a90f259 _pthread_start + 125\n   20  libsystem_pthread.dylib             0x00007ff80a90ac7b thread_start + 15\n", "test_name": "test_user_can_buy_some_goods[locator0]", "rerun": "0"}, "1": {"status": "FAIL", "message": "   selenium.common.exceptions.TimeoutException: Message: \n   Stacktrace:\n   0   chromedriver                        0x0000000102815f38 chromedriver + 4910904\n   1   chromedriver                        0x0000000102795a03 chromedriver + 4385283\n   2   chromedriver                        0x00000001023da747 chromedriver + 472903\n   3   chromedriver                        0x000000010241f34c chromedriver + 754508\n   4   chromedriver                        0x000000010241f5a1 chromedriver + 755105\n   5   chromedriver                        0x0000000102462e94 chromedriver + 1031828\n   6   chromedriver                        0x000000010244513d chromedriver + 909629\n   7   chromedriver                        0x000000010246028e chromedriver + 1020558\n   8   chromedriver                        0x0000000102444ee3 chromedriver + 909027\n   9   chromedriver                        0x000000010240f30c chromedriver + 688908\n   10  chromedriver                        0x000000010241088e chromedriver + 694414\n   11  chromedriver                        0x00000001027e31de chromedriver + 4702686\n   12  chromedriver                        0x00000001027e7b19 chromedriver + 4721433\n   13  chromedriver                        0x00000001027ef28e chromedriver + 4752014\n   14  chromedriver                        0x00000001027e891a chromedriver + 4725018\n   15  chromedriver                        0x00000001027bcb02 chromedriver + 4545282\n   16  chromedriver                        0x0000000102807888 chromedriver + 4851848\n   17  chromedriver                        0x0000000102807a05 chromedriver + 4852229\n   18  chromedriver                        0x000000010281de5f chromedriver + 4943455\n   19  libsystem_pthread.dylib             0x00007ff80a90f259 _pthread_start + 125\n   20  libsystem_pthread.dylib             0x00007ff80a90ac7b thread_start + 15\n", "test_name": "test_user_can_buy_some_goods[locator0]", "rerun": "0"}, "2": {"status": "FAIL", "message": "   selenium.common.exceptions.TimeoutException: Message: \n   Stacktrace:\n   0   chromedriver                        0x00000001033e8f38 chromedriver + 4910904\n   1   chromedriver                        0x0000000103368a03 chromedriver + 4385283\n   2   chromedriver                        0x0000000102fad747 chromedriver + 472903\n   3   chromedriver                        0x0000000102ff234c chromedriver + 754508\n   4   chromedriver                        0x0000000102ff25a1 chromedriver + 755105\n   5   chromedriver                        0x0000000103035e94 chromedriver + 1031828\n   6   chromedriver                        0x000000010301813d chromedriver + 909629\n   7   chromedriver                        0x000000010303328e chromedriver + 1020558\n   8   chromedriver                        0x0000000103017ee3 chromedriver + 909027\n   9   chromedriver                        0x0000000102fe230c chromedriver + 688908\n   10  chromedriver                        0x0000000102fe388e chromedriver + 694414\n   11  chromedriver                        0x00000001033b61de chromedriver + 4702686\n   12  chromedriver                        0x00000001033bab19 chromedriver + 4721433\n   13  chromedriver                        0x00000001033c228e chromedriver + 4752014\n   14  chromedriver                        0x00000001033bb91a chromedriver + 4725018\n   15  chromedriver                        0x000000010338fb02 chromedriver + 4545282\n   16  chromedriver                        0x00000001033da888 chromedriver + 4851848\n   17  chromedriver                        0x00000001033daa05 chromedriver + 4852229\n   18  chromedriver                        0x00000001033f0e5f chromedriver + 4943455\n   19  libsystem_pthread.dylib             0x00007ff80a90f259 _pthread_start + 125\n   20  libsystem_pthread.dylib             0x00007ff80a90ac7b thread_start + 15\n", "test_name": "test_user_can_buy_some_goods[locator1]", "rerun": "0"}, "3": {"status": "FAIL", "message": "   selenium.common.exceptions.TimeoutException: Message: \n   Stacktrace:\n   0   chromedriver                        0x0000000100c3cf38 chromedriver + 4910904\n   1   chromedriver                        0x0000000100bbca03 chromedriver + 4385283\n   2   chromedriver                        0x0000000100801747 chromedriver + 472903\n   3   chromedriver                        0x000000010084634c chromedriver + 754508\n   4   chromedriver                        0x00000001008465a1 chromedriver + 755105\n   5   chromedriver                        0x0000000100889e94 chromedriver + 1031828\n   6   chromedriver                        0x000000010086c13d chromedriver + 909629\n   7   chromedriver                        0x000000010088728e chromedriver + 1020558\n   8   chromedriver                        0x000000010086bee3 chromedriver + 909027\n   9   chromedriver                        0x000000010083630c chromedriver + 688908\n   10  chromedriver                        0x000000010083788e chromedriver + 694414\n   11  chromedriver                        0x0000000100c0a1de chromedriver + 4702686\n   12  chromedriver                        0x0000000100c0eb19 chromedriver + 4721433\n   13  chromedriver                        0x0000000100c1628e chromedriver + 4752014\n   14  chromedriver                        0x0000000100c0f91a chromedriver + 4725018\n   15  chromedriver                        0x0000000100be3b02 chromedriver + 4545282\n   16  chromedriver                        0x0000000100c2e888 chromedriver + 4851848\n   17  chromedriver                        0x0000000100c2ea05 chromedriver + 4852229\n   18  chromedriver                        0x0000000100c44e5f chromedriver + 4943455\n   19  libsystem_pthread.dylib             0x00007ff80a90f259 _pthread_start + 125\n   20  libsystem_pthread.dylib             0x00007ff80a90ac7b thread_start + 15\n", "test_name": "test_user_can_buy_some_goods[locator1]", "rerun": "0"}}, "suite_name": "tests/test_main_page.py"}}}, "date": "January 02, 2023", "start_time": 1672693215.203181, "total_suite": 1, "status": "FAIL", "status_list": {"pass": "0", "fail": "4", "skip": "0", "error": "0", "xpass": "0", "xfail": "0", "rerun": "0"}, "total_tests": "4"}