{"content": {"suites": {"0": {"status": {"total_pass": 1, "total_skip": 0, "total_xpass": 0, "total_xfail": 0, "total_rerun": 0, "total_fail": 2, "total_error": 0}, "tests": {"0": {"status": "PASS", "message": "", "test_name": "test_user_can_buy_some_goods[locator0]", "rerun": "0"}, "1": {"status": "FAIL", "message": "   selenium.common.exceptions.TimeoutException: Message: \n   Stacktrace:\n   0   chromedriver                        0x0000000104d30f38 chromedriver + 4910904\n   1   chromedriver                        0x0000000104cb0a03 chromedriver + 4385283\n   2   chromedriver                        0x00000001048f5747 chromedriver + 472903\n   3   chromedriver                        0x000000010493a34c chromedriver + 754508\n   4   chromedriver                        0x000000010493a5a1 chromedriver + 755105\n   5   chromedriver                        0x000000010497de94 chromedriver + 1031828\n   6   chromedriver                        0x000000010496013d chromedriver + 909629\n   7   chromedriver                        0x000000010497b28e chromedriver + 1020558\n   8   chromedriver                        0x000000010495fee3 chromedriver + 909027\n   9   chromedriver                        0x000000010492a30c chromedriver + 688908\n   10  chromedriver                        0x000000010492b88e chromedriver + 694414\n   11  chromedriver                        0x0000000104cfe1de chromedriver + 4702686\n   12  chromedriver                        0x0000000104d02b19 chromedriver + 4721433\n   13  chromedriver                        0x0000000104d0a28e chromedriver + 4752014\n   14  chromedriver                        0x0000000104d0391a chromedriver + 4725018\n   15  chromedriver                        0x0000000104cd7b02 chromedriver + 4545282\n   16  chromedriver                        0x0000000104d22888 chromedriver + 4851848\n   17  chromedriver                        0x0000000104d22a05 chromedriver + 4852229\n   18  chromedriver                        0x0000000104d38e5f chromedriver + 4943455\n   19  libsystem_pthread.dylib             0x00007ff80a90f259 _pthread_start + 125\n   20  libsystem_pthread.dylib             0x00007ff80a90ac7b thread_start + 15\n", "test_name": "test_user_can_buy_some_goods[locator1]", "rerun": "0"}, "2": {"status": "FAIL", "message": "   selenium.common.exceptions.TimeoutException: Message: \n   Stacktrace:\n   0   chromedriver                        0x0000000102ff3f38 chromedriver + 4910904\n   1   chromedriver                        0x0000000102f73a03 chromedriver + 4385283\n   2   chromedriver                        0x0000000102bb8747 chromedriver + 472903\n   3   chromedriver                        0x0000000102bfd34c chromedriver + 754508\n   4   chromedriver                        0x0000000102bfd5a1 chromedriver + 755105\n   5   chromedriver                        0x0000000102c40e94 chromedriver + 1031828\n   6   chromedriver                        0x0000000102c2313d chromedriver + 909629\n   7   chromedriver                        0x0000000102c3e28e chromedriver + 1020558\n   8   chromedriver                        0x0000000102c22ee3 chromedriver + 909027\n   9   chromedriver                        0x0000000102bed30c chromedriver + 688908\n   10  chromedriver                        0x0000000102bee88e chromedriver + 694414\n   11  chromedriver                        0x0000000102fc11de chromedriver + 4702686\n   12  chromedriver                        0x0000000102fc5b19 chromedriver + 4721433\n   13  chromedriver                        0x0000000102fcd28e chromedriver + 4752014\n   14  chromedriver                        0x0000000102fc691a chromedriver + 4725018\n   15  chromedriver                        0x0000000102f9ab02 chromedriver + 4545282\n   16  chromedriver                        0x0000000102fe5888 chromedriver + 4851848\n   17  chromedriver                        0x0000000102fe5a05 chromedriver + 4852229\n   18  chromedriver                        0x0000000102ffbe5f chromedriver + 4943455\n   19  libsystem_pthread.dylib             0x00007ff80a90f259 _pthread_start + 125\n   20  libsystem_pthread.dylib             0x00007ff80a90ac7b thread_start + 15\n", "test_name": "test_user_can_buy_some_goods[locator2]", "rerun": "0"}}, "suite_name": "tests/test_main_page.py"}}}, "date": "January 02, 2023", "start_time": 1672696669.574445, "total_suite": 1, "status": "FAIL", "status_list": {"pass": "1", "fail": "2", "skip": "0", "error": "0", "xpass": "0", "xfail": "0", "rerun": "0"}, "total_tests": "3"}