{"content": {"suites": {"0": {"status": {"total_pass": 0, "total_skip": 0, "total_xpass": 0, "total_xfail": 0, "total_rerun": 0, "total_fail": 2, "total_error": 0}, "tests": {"0": {"status": "FAIL", "message": "   AssertionError: Failed, expected: item_name, but got: Sauce Labs Backpack\n", "test_name": "test_user_can_buy_some_goods[locator0]", "rerun": "0"}, "1": {"status": "FAIL", "message": "   selenium.common.exceptions.TimeoutException: Message: \n   Stacktrace:\n   0   chromedriver                        0x0000000100e8df38 chromedriver + 4910904\n   1   chromedriver                        0x0000000100e0da03 chromedriver + 4385283\n   2   chromedriver                        0x0000000100a52747 chromedriver + 472903\n   3   chromedriver                        0x0000000100a9734c chromedriver + 754508\n   4   chromedriver                        0x0000000100a975a1 chromedriver + 755105\n   5   chromedriver                        0x0000000100adae94 chromedriver + 1031828\n   6   chromedriver                        0x0000000100abd13d chromedriver + 909629\n   7   chromedriver                        0x0000000100ad828e chromedriver + 1020558\n   8   chromedriver                        0x0000000100abcee3 chromedriver + 909027\n   9   chromedriver                        0x0000000100a8730c chromedriver + 688908\n   10  chromedriver                        0x0000000100a8888e chromedriver + 694414\n   11  chromedriver                        0x0000000100e5b1de chromedriver + 4702686\n   12  chromedriver                        0x0000000100e5fb19 chromedriver + 4721433\n   13  chromedriver                        0x0000000100e6728e chromedriver + 4752014\n   14  chromedriver                        0x0000000100e6091a chromedriver + 4725018\n   15  chromedriver                        0x0000000100e34b02 chromedriver + 4545282\n   16  chromedriver                        0x0000000100e7f888 chromedriver + 4851848\n   17  chromedriver                        0x0000000100e7fa05 chromedriver + 4852229\n   18  chromedriver                        0x0000000100e95e5f chromedriver + 4943455\n   19  libsystem_pthread.dylib             0x00007ff80a90f259 _pthread_start + 125\n   20  libsystem_pthread.dylib             0x00007ff80a90ac7b thread_start + 15\n", "test_name": "test_user_can_buy_some_goods[locator1]", "rerun": "0"}}, "suite_name": "tests/test_main_page.py"}}}, "date": "January 02, 2023", "start_time": 1672695492.182084, "total_suite": 1, "status": "FAIL", "status_list": {"pass": "0", "fail": "2", "skip": "0", "error": "0", "xpass": "0", "xfail": "0", "rerun": "0"}, "total_tests": "2"}